<?xml version="1.0" encoding="UTF-8"?>
<testng-results skipped="0" failed="1" total="4" passed="3">
  <reporter-output>
  </reporter-output>
  <suite name="Suite" duration-ms="75802" started-at="2021-05-05T15:58:18Z" finished-at="2021-05-05T15:59:34Z">
    <groups>
    </groups>
    <test name="HomePage" duration-ms="53106" started-at="2021-05-05T15:58:18Z" finished-at="2021-05-05T15:59:11Z">
      <class name="Academy.E2EProject.HomePage">
        <test-method status="PASS" signature="initiation()[pri:0, instance:Academy.E2EProject.HomePage@25641d39]" name="initiation" is-config="true" duration-ms="27442" started-at="2021-05-05T21:28:18Z" finished-at="2021-05-05T21:28:45Z">
          <reporter-output>
          </reporter-output>
        </test-method> <!-- initiation -->
        <test-method status="PASS" signature="basePageNavigation(java.lang.String, java.lang.String, java.lang.String)[pri:0, instance:Academy.E2EProject.HomePage@25641d39]" name="basePageNavigation" duration-ms="3118" started-at="2021-05-05T21:28:45Z" data-provider="getData" finished-at="2021-05-05T21:28:48Z">
          <params>
            <param index="0">
              <value>
                <![CDATA[restricteduser@gmail.com]]>
              </value>
            </param>
            <param index="1">
              <value>
                <![CDATA[23451]]>
              </value>
            </param>
            <param index="2">
              <value>
                <![CDATA[Nonuser@gmail.com tried logging in]]>
              </value>
            </param>
          </params>
          <reporter-output>
          </reporter-output>
        </test-method> <!-- basePageNavigation -->
        <test-method status="PASS" signature="tearDown()[pri:0, instance:Academy.E2EProject.HomePage@25641d39]" name="tearDown" is-config="true" duration-ms="363" started-at="2021-05-05T21:28:48Z" finished-at="2021-05-05T21:28:49Z">
          <reporter-output>
          </reporter-output>
        </test-method> <!-- tearDown -->
        <test-method status="PASS" signature="initiation()[pri:0, instance:Academy.E2EProject.HomePage@25641d39]" name="initiation" is-config="true" duration-ms="18500" started-at="2021-05-05T21:28:49Z" finished-at="2021-05-05T21:29:07Z">
          <reporter-output>
          </reporter-output>
        </test-method> <!-- initiation -->
        <test-method status="PASS" signature="basePageNavigation(java.lang.String, java.lang.String, java.lang.String)[pri:0, instance:Academy.E2EProject.HomePage@25641d39]" name="basePageNavigation" duration-ms="3501" started-at="2021-05-05T21:29:07Z" data-provider="getData" finished-at="2021-05-05T21:29:11Z">
          <params>
            <param index="0">
              <value>
                <![CDATA[Nonrestricteduser@gmail.com]]>
              </value>
            </param>
            <param index="1">
              <value>
                <![CDATA[5678]]>
              </value>
            </param>
            <param index="2">
              <value>
                <![CDATA[user@gmail.com tried logging in]]>
              </value>
            </param>
          </params>
          <reporter-output>
          </reporter-output>
        </test-method> <!-- basePageNavigation -->
        <test-method status="PASS" signature="tearDown()[pri:0, instance:Academy.E2EProject.HomePage@25641d39]" name="tearDown" is-config="true" duration-ms="136" started-at="2021-05-05T21:29:11Z" finished-at="2021-05-05T21:29:11Z">
          <reporter-output>
          </reporter-output>
        </test-method> <!-- tearDown -->
      </class> <!-- Academy.E2EProject.HomePage -->
    </test> <!-- HomePage -->
    <test name="validateHome" duration-ms="22438" started-at="2021-05-05T15:59:11Z" finished-at="2021-05-05T15:59:34Z">
      <class name="Academy.E2EProject.validateHome">
        <test-method status="PASS" signature="initiation()[pri:0, instance:Academy.E2EProject.validateHome@46cdf8bd]" name="initiation" is-config="true" duration-ms="20019" started-at="2021-05-05T21:29:11Z" finished-at="2021-05-05T21:29:31Z">
          <reporter-output>
          </reporter-output>
        </test-method> <!-- initiation -->
        <test-method status="PASS" signature="basePageNavigation()[pri:0, instance:Academy.E2EProject.validateHome@46cdf8bd]" name="basePageNavigation" duration-ms="217" started-at="2021-05-05T21:29:31Z" finished-at="2021-05-05T21:29:31Z">
          <reporter-output>
          </reporter-output>
        </test-method> <!-- basePageNavigation -->
        <test-method status="FAIL" signature="validateHeader()[pri:0, instance:Academy.E2EProject.validateHome@46cdf8bd]" name="validateHeader" duration-ms="67" started-at="2021-05-05T21:29:31Z" finished-at="2021-05-05T21:29:31Z">
          <exception class="java.lang.AssertionError">
            <message>
              <![CDATA[expected [An Academy to learn Everything about Testing] but found [AN ACADEMY TO LEARN EVERYTHING ABOUT TESTING]]]>
            </message>
            <full-stacktrace>
              <![CDATA[java.lang.AssertionError: expected [An Academy to learn Everything about Testing] but found [AN ACADEMY TO LEARN EVERYTHING ABOUT TESTING]
	at org.testng.Assert.fail(Assert.java:94)
	at org.testng.Assert.failNotEquals(Assert.java:494)
	at org.testng.Assert.assertEquals(Assert.java:123)
	at org.testng.Assert.assertEquals(Assert.java:176)
	at org.testng.Assert.assertEquals(Assert.java:186)
	at Academy.E2EProject.validateHome.validateHeader(validateHome.java:58)
	at sun.reflect.NativeMethodAccessorImpl.invoke0(Native Method)
	at sun.reflect.NativeMethodAccessorImpl.invoke(Unknown Source)
	at sun.reflect.DelegatingMethodAccessorImpl.invoke(Unknown Source)
	at java.lang.reflect.Method.invoke(Unknown Source)
	at org.testng.internal.MethodInvocationHelper.invokeMethod(MethodInvocationHelper.java:80)
	at org.testng.internal.Invoker.invokeMethod(Invoker.java:714)
	at org.testng.internal.Invoker.invokeTestMethod(Invoker.java:901)
	at org.testng.internal.Invoker.invokeTestMethods(Invoker.java:1231)
	at org.testng.internal.TestMethodWorker.invokeTestMethods(TestMethodWorker.java:127)
	at org.testng.internal.TestMethodWorker.run(TestMethodWorker.java:111)
	at org.testng.TestRunner.privateRun(TestRunner.java:767)
	at org.testng.TestRunner.run(TestRunner.java:617)
	at org.testng.SuiteRunner.runTest(SuiteRunner.java:334)
	at org.testng.SuiteRunner.runSequentially(SuiteRunner.java:329)
	at org.testng.SuiteRunner.privateRun(SuiteRunner.java:291)
	at org.testng.SuiteRunner.run(SuiteRunner.java:240)
	at org.testng.SuiteRunnerWorker.runSuite(SuiteRunnerWorker.java:52)
	at org.testng.SuiteRunnerWorker.run(SuiteRunnerWorker.java:86)
	at org.testng.TestNG.runSuitesSequentially(TestNG.java:1198)
	at org.testng.TestNG.runSuitesLocally(TestNG.java:1123)
	at org.testng.TestNG.run(TestNG.java:1031)
	at org.testng.remote.AbstractRemoteTestNG.run(AbstractRemoteTestNG.java:115)
	at org.testng.remote.RemoteTestNG.initAndRun(RemoteTestNG.java:251)
	at org.testng.remote.RemoteTestNG.main(RemoteTestNG.java:77)
]]>
            </full-stacktrace>
          </exception> <!-- java.lang.AssertionError -->
          <reporter-output>
          </reporter-output>
        </test-method> <!-- validateHeader -->
        <test-method status="PASS" signature="tearDown()[pri:0, instance:Academy.E2EProject.validateHome@46cdf8bd]" name="tearDown" is-config="true" duration-ms="167" started-at="2021-05-05T21:29:33Z" finished-at="2021-05-05T21:29:34Z">
          <reporter-output>
          </reporter-output>
        </test-method> <!-- tearDown -->
      </class> <!-- Academy.E2EProject.validateHome -->
    </test> <!-- validateHome -->
  </suite> <!-- Suite -->
</testng-results>
